# JRE version: Java(TM) SE Runtime Environment (8.0_191-b12) (build 1.8.0_191-b12)
# Java VM: Java HotSpot(TM) Client VM (25.191-b12 mixed mode windows-x86 )
Heap:
 def new generation   total 40832K, used 4480K [0x04c00000, 0x07840000, 0x0f6a0000)
  eden space 36352K,   0% used [0x04c00000, 0x04c00000, 0x06f80000)
  from space 4480K, 100% used [0x06f80000, 0x073e0000, 0x073e0000)
  to   space 4480K,   0% used [0x073e0000, 0x073e0000, 0x07840000)
 tenured generation   total 96112K, used 95996K [0x0f6a0000, 0x1547c000, 0x24c00000)
   the space 96112K,  99% used [0x0f6a0000, 0x1545f068, 0x1545f200, 0x1547c000)
 Metaspace       used 19925K, capacity 20372K, committed 20480K, reserved 20864K
GC Heap History (10 events):
Event: 1.288 GC heap after
Heap after GC invocations=4 (full 0):
 def new generation   total 39296K, used 4351K [0x04c00000, 0x076a0000, 0x0f6a0000)
  eden space 34944K,   0% used [0x04c00000, 0x04c00000, 0x06e20000)
  from space 4352K,  99% used [0x06e20000, 0x0725fff8, 0x07260000)
  to   space 4352K,   0% used [0x07260000, 0x07260000, 0x076a0000)
 tenured generation   total 87424K, used 64025K [0x0f6a0000, 0x14c00000, 0x24c00000)
   the space 87424K,  73% used [0x0f6a0000, 0x135265f8, 0x13526600, 0x14c00000)
 Metaspace       used 11122K, capacity 11356K, committed 11392K, reserved 11648K
}
Event: 1.597 GC heap before
{Heap before GC invocations=4 (full 0):
 def new generation   total 39296K, used 32711K [0x04c00000, 0x076a0000, 0x0f6a0000)
  eden space 34944K,  81% used [0x04c00000, 0x067b1f58, 0x06e20000)
  from space 4352K,  99% used [0x06e20000, 0x0725fff8, 0x07260000)
  to   space 4352K,   0% used [0x07260000, 0x07260000, 0x076a0000)
 tenured generation   total 87424K, used 64025K [0x0f6a0000, 0x14c00000, 0x24c00000)
   the space 87424K,  73% used [0x0f6a0000, 0x135265f8, 0x13526600, 0x14c00000)
 Metaspace       used 12017K, capacity 12270K, committed 12288K, reserved 12672K
Event: 1.697 GC heap after
Heap after GC invocations=5 (full 1):
 def new generation   total 39424K, used 1758K [0x04c00000, 0x076c0000, 0x0f6a0000)
  eden space 35072K,   5% used [0x04c00000, 0x04db78b8, 0x06e40000)
  from space 4352K,   0% used [0x06e40000, 0x06e40000, 0x07280000)
  to   space 4352K,   0% used [0x07280000, 0x07280000, 0x076c0000)
 tenured generation   total 87424K, used 87424K [0x0f6a0000, 0x14c00000, 0x24c00000)
   the space 87424K, 100% used [0x0f6a0000, 0x14c00000, 0x14c00000, 0x14c00000)
 Metaspace       used 12017K, capacity 12270K, committed 12288K, reserved 12672K
}
Event: 2.673 GC heap before
{Heap before GC invocations=5 (full 1):
 def new generation   total 39424K, used 35072K [0x04c00000, 0x076c0000, 0x0f6a0000)
  eden space 35072K, 100% used [0x04c00000, 0x06e40000, 0x06e40000)
  from space 4352K,   0% used [0x06e40000, 0x06e40000, 0x07280000)
  to   space 4352K,   0% used [0x07280000, 0x07280000, 0x076c0000)
 tenured generation   total 87424K, used 87424K [0x0f6a0000, 0x14c00000, 0x24c00000)
   the space 87424K, 100% used [0x0f6a0000, 0x14c00000, 0x14c00000, 0x14c00000)
 Metaspace       used 15888K, capacity 16276K, committed 16384K, reserved 16768K
Event: 2.779 GC heap after
Heap after GC invocations=6 (full 2):
 def new generation   total 40832K, used 4028K [0x04c00000, 0x07840000, 0x0f6a0000)
  eden space 36352K,  11% used [0x04c00000, 0x04fef140, 0x06f80000)
  from space 4480K,   0% used [0x06f80000, 0x06f80000, 0x073e0000)
  to   space 4480K,   0% used [0x073e0000, 0x073e0000, 0x07840000)
 tenured generation   total 90496K, used 90495K [0x0f6a0000, 0x14f00000, 0x24c00000)
   the space 90496K,  99% used [0x0f6a0000, 0x14efffd8, 0x14f00000, 0x14f00000)
 Metaspace       used 15888K, capacity 16276K, committed 16384K, reserved 16768K
}
Event: 3.597 GC heap before
{Heap before GC invocations=6 (full 2):
 def new generation   total 40832K, used 36352K [0x04c00000, 0x07840000, 0x0f6a0000)
  eden space 36352K, 100% used [0x04c00000, 0x06f80000, 0x06f80000)
  from space 4480K,   0% used [0x06f80000, 0x06f80000, 0x073e0000)
  to   space 4480K,   0% used [0x073e0000, 0x073e0000, 0x07840000)
 tenured generation   total 90496K, used 90495K [0x0f6a0000, 0x14f00000, 0x24c00000)
   the space 90496K,  99% used [0x0f6a0000, 0x14efffd8, 0x14f00000, 0x14f00000)
 Metaspace       used 18839K, capacity 19264K, committed 19328K, reserved 19840K
Event: 3.732 GC heap after
Heap after GC invocations=7 (full 3):
 def new generation   total 40832K, used 11967K [0x04c00000, 0x07840000, 0x0f6a0000)
  eden space 36352K,  32% used [0x04c00000, 0x057afdd0, 0x06f80000)
  from space 4480K,   0% used [0x073e0000, 0x073e0000, 0x07840000)
  to   space 4480K,   0% used [0x06f80000, 0x06f80000, 0x073e0000)
 tenured generation   total 95472K, used 93189K [0x0f6a0000, 0x153dc000, 0x24c00000)
   the space 95472K,  97% used [0x0f6a0000, 0x151a16c8, 0x151a1800, 0x153dc000)
 Metaspace       used 18839K, capacity 19264K, committed 19328K, reserved 19840K
}
Event: 4.023 GC heap before
{Heap before GC invocations=7 (full 3):
 def new generation   total 40832K, used 17907K [0x04c00000, 0x07840000, 0x0f6a0000)
  eden space 36352K,  49% used [0x04c00000, 0x05d7cd48, 0x06f80000)
  from space 4480K,   0% used [0x073e0000, 0x073e0000, 0x07840000)
  to   space 4480K,   0% used [0x06f80000, 0x06f80000, 0x073e0000)
 tenured generation   total 95472K, used 93189K [0x0f6a0000, 0x153dc000, 0x24c00000)
   the space 95472K,  97% used [0x0f6a0000, 0x151a16c8, 0x151a1800, 0x153dc000)
 Metaspace       used 19351K, capacity 19788K, committed 19840K, reserved 21888K
Event: 4.139 GC heap after
Heap after GC invocations=8 (full 4):
 def new generation   total 40832K, used 4000K [0x04c00000, 0x07840000, 0x0f6a0000)
  eden space 36352K,  11% used [0x04c00000, 0x04fe82f8, 0x06f80000)
  from space 4480K,   0% used [0x073e0000, 0x073e0000, 0x07840000)
  to   space 4480K,   0% used [0x06f80000, 0x06f80000, 0x073e0000)
 tenured generation   total 95472K, used 95471K [0x0f6a0000, 0x153dc000, 0x24c00000)
   the space 95472K,  99% used [0x0f6a0000, 0x153dbff8, 0x153dc000, 0x153dc000)
 Metaspace       used 19351K, capacity 19788K, committed 19840K, reserved 20864K
}
Event: 6.484 GC heap before
{Heap before GC invocations=8 (full 4):
 def new generation   total 40832K, used 33292K [0x04c00000, 0x07840000, 0x0f6a0000)
  eden space 36352K,  91% used [0x04c00000, 0x06c832d0, 0x06f80000)
  from space 4480K,   0% used [0x073e0000, 0x073e0000, 0x07840000)
  to   space 4480K,   0% used [0x06f80000, 0x06f80000, 0x073e0000)
 tenured generation   total 95472K, used 95471K [0x0f6a0000, 0x153dc000, 0x24c00000)
   the space 95472K,  99% used [0x0f6a0000, 0x153dbff8, 0x153dc000, 0x153dc000)
 Metaspace       used 19925K, capacity 20372K, committed 20480K, reserved 20864K

